2023-05-29 01:16:15  WM_QUERYENDSESSION (lParam: 1 - ENDSESSION_CLOSEAPP) =====================================
2023-05-29 01:16:15  WM_ENDSESSION (wParam: TRUE, lParam: 1 - ENDSESSION_CLOSEAPP)
2023-05-29 01:16:15  C:\xampp\htdocs\devtest\prototype\cotizador\config.xml is opened.
2023-05-29 01:16:15  C:\xampp\htdocs\devtest\prototype\cotizador\config.xml  9342/9342 bytes are written.
2023-05-29 01:16:15  C:\xampp\htdocs\devtest\prototype\cotizador\config.xml is closed.
2023-05-29 01:16:15  C:\Users\julloa\AppData\Roaming\Notepad++\session.xml is opened.
2023-05-29 01:16:15  C:\Users\julloa\AppData\Roaming\Notepad++\session.xml  16413/16413 bytes are written.
2023-05-29 01:16:15  C:\Users\julloa\AppData\Roaming\Notepad++\session.xml is closed.
2023-05-29 01:16:15  WM_DESTROY (isEndSessionStarted == true)
2023-05-30 08:07:18  WM_QUERYENDSESSION (lParam: 1073741825 - ENDSESSION_CLOSEAPP - ENDSESSION_CRITICAL) =====================================
2023-05-30 08:07:18  WM_ENDSESSION (wParam: TRUE, lParam: 1073741825 - ENDSESSION_CLOSEAPP - ENDSESSION_CRITICAL)
2023-05-31 01:06:27  WM_QUERYENDSESSION (lParam: 1 - ENDSESSION_CLOSEAPP) =====================================
2023-05-31 01:06:27  WM_ENDSESSION (wParam: TRUE, lParam: 1 - ENDSESSION_CLOSEAPP)
2023-05-31 01:06:28  C:\xampp\htdocs\devtest\prototype\cotizador\config.xml is opened.
2023-05-31 01:06:28  C:\xampp\htdocs\devtest\prototype\cotizador\config.xml  9269/9269 bytes are written.
2023-05-31 01:06:28  C:\xampp\htdocs\devtest\prototype\cotizador\config.xml is closed.
2023-05-31 01:06:28  C:\Users\julloa\AppData\Roaming\Notepad++\session.xml is opened.
2023-05-31 01:06:28  C:\Users\julloa\AppData\Roaming\Notepad++\session.xml  21459/21459 bytes are written.
2023-05-31 01:06:28  C:\Users\julloa\AppData\Roaming\Notepad++\session.xml is closed.
2023-05-31 01:06:28  WM_DESTROY (isEndSessionStarted == true)
